2016-02-13 21:22:14 Error: [Cake\Routing\Exception\MissingControllerException] Controller class Login could not be found.
Exception Attributes: array (
  'class' => 'Login',
  'plugin' => NULL,
  'prefix' => NULL,
  '_ext' => NULL,
)
Request URL: /dargest/login
Stack Trace:
#0 D:\git\dargest\webroot\index.php(37): Cake\Routing\Dispatcher->dispatch(Object(Cake\Network\Request), Object(Cake\Network\Response))
#1 {main}


2016-02-13 21:22:25 Error: [Cake\Routing\Exception\MissingControllerException] Controller class Users could not be found.
Exception Attributes: array (
  'class' => 'Users',
  'plugin' => NULL,
  'prefix' => NULL,
  '_ext' => NULL,
)
Request URL: /dargest/users
Stack Trace:
#0 D:\git\dargest\webroot\index.php(37): Cake\Routing\Dispatcher->dispatch(Object(Cake\Network\Request), Object(Cake\Network\Response))
#1 {main}


2016-02-13 21:23:50 Error: [Cake\Controller\Exception\MissingActionException] Action UsersController::index() could not be found, or is not accessible.
Exception Attributes: array (
  'controller' => 'UsersController',
  'action' => 'index',
  'prefix' => '',
  'plugin' => NULL,
)
Request URL: /dargest/users
Stack Trace:
#0 D:\git\dargest\vendor\cakephp\cakephp\src\Routing\Dispatcher.php(114): Cake\Controller\Controller->invokeAction()
#1 D:\git\dargest\vendor\cakephp\cakephp\src\Routing\Dispatcher.php(87): Cake\Routing\Dispatcher->_invoke(Object(App\Controller\UsersController))
#2 D:\git\dargest\webroot\index.php(37): Cake\Routing\Dispatcher->dispatch(Object(Cake\Network\Request), Object(Cake\Network\Response))
#3 {main}


2016-02-13 21:24:21 Error: [Cake\View\Exception\MissingTemplateException] Template file "Users\index.ctp" is missing.
Exception Attributes: array (
  'file' => 'Users\\index.ctp',
)
Request URL: /dargest/users
Stack Trace:
#0 D:\git\dargest\vendor\cakephp\cakephp\src\View\View.php(584): Cake\View\View->_getViewFileName(NULL)
#1 D:\git\dargest\vendor\cakephp\cakephp\src\Controller\Controller.php(611): Cake\View\View->render(NULL, NULL)
#2 D:\git\dargest\vendor\cakephp\cakephp\src\Routing\Dispatcher.php(120): Cake\Controller\Controller->render()
#3 D:\git\dargest\vendor\cakephp\cakephp\src\Routing\Dispatcher.php(87): Cake\Routing\Dispatcher->_invoke(Object(App\Controller\UsersController))
#4 D:\git\dargest\webroot\index.php(37): Cake\Routing\Dispatcher->dispatch(Object(Cake\Network\Request), Object(Cake\Network\Response))
#5 {main}


2016-02-13 21:25:07 Error: [Cake\View\Exception\MissingTemplateException] Template file "Users\index.ctp" is missing.
Exception Attributes: array (
  'file' => 'Users\\index.ctp',
)
Request URL: /dargest/users
Stack Trace:
#0 D:\git\dargest\vendor\cakephp\cakephp\src\View\View.php(584): Cake\View\View->_getViewFileName(NULL)
#1 D:\git\dargest\vendor\cakephp\cakephp\src\Controller\Controller.php(611): Cake\View\View->render(NULL, NULL)
#2 D:\git\dargest\vendor\cakephp\cakephp\src\Routing\Dispatcher.php(120): Cake\Controller\Controller->render()
#3 D:\git\dargest\vendor\cakephp\cakephp\src\Routing\Dispatcher.php(87): Cake\Routing\Dispatcher->_invoke(Object(App\Controller\UsersController))
#4 D:\git\dargest\webroot\index.php(37): Cake\Routing\Dispatcher->dispatch(Object(Cake\Network\Request), Object(Cake\Network\Response))
#5 {main}


2016-02-13 21:25:41 Error: [Cake\View\Exception\MissingTemplateException] Template file "Users\index.ctp" is missing.
Exception Attributes: array (
  'file' => 'Users\\index.ctp',
)
Request URL: /dargest/users
Stack Trace:
#0 D:\git\dargest\vendor\cakephp\cakephp\src\View\View.php(584): Cake\View\View->_getViewFileName(NULL)
#1 D:\git\dargest\vendor\cakephp\cakephp\src\Controller\Controller.php(611): Cake\View\View->render(NULL, NULL)
#2 D:\git\dargest\vendor\cakephp\cakephp\src\Routing\Dispatcher.php(120): Cake\Controller\Controller->render()
#3 D:\git\dargest\vendor\cakephp\cakephp\src\Routing\Dispatcher.php(87): Cake\Routing\Dispatcher->_invoke(Object(App\Controller\UsersController))
#4 D:\git\dargest\webroot\index.php(37): Cake\Routing\Dispatcher->dispatch(Object(Cake\Network\Request), Object(Cake\Network\Response))
#5 {main}


2016-02-13 21:25:57 Error: [Cake\View\Exception\MissingTemplateException] Template file "Users\index.ctp" is missing.
Exception Attributes: array (
  'file' => 'Users\\index.ctp',
)
Request URL: /dargest/users
Stack Trace:
#0 D:\git\dargest\vendor\cakephp\cakephp\src\View\View.php(584): Cake\View\View->_getViewFileName(NULL)
#1 D:\git\dargest\vendor\cakephp\cakephp\src\Controller\Controller.php(611): Cake\View\View->render(NULL, NULL)
#2 D:\git\dargest\vendor\cakephp\cakephp\src\Routing\Dispatcher.php(120): Cake\Controller\Controller->render()
#3 D:\git\dargest\vendor\cakephp\cakephp\src\Routing\Dispatcher.php(87): Cake\Routing\Dispatcher->_invoke(Object(App\Controller\UsersController))
#4 D:\git\dargest\webroot\index.php(37): Cake\Routing\Dispatcher->dispatch(Object(Cake\Network\Request), Object(Cake\Network\Response))
#5 {main}


2016-02-13 21:26:00 Error: [Cake\View\Exception\MissingTemplateException] Template file "Users\login.ctp" is missing.
Exception Attributes: array (
  'file' => 'Users\\login.ctp',
)
Request URL: /dargest/users/login
Stack Trace:
#0 D:\git\dargest\vendor\cakephp\cakephp\src\View\View.php(584): Cake\View\View->_getViewFileName(NULL)
#1 D:\git\dargest\vendor\cakephp\cakephp\src\Controller\Controller.php(611): Cake\View\View->render(NULL, NULL)
#2 D:\git\dargest\vendor\cakephp\cakephp\src\Routing\Dispatcher.php(120): Cake\Controller\Controller->render()
#3 D:\git\dargest\vendor\cakephp\cakephp\src\Routing\Dispatcher.php(87): Cake\Routing\Dispatcher->_invoke(Object(App\Controller\UsersController))
#4 D:\git\dargest\webroot\index.php(37): Cake\Routing\Dispatcher->dispatch(Object(Cake\Network\Request), Object(Cake\Network\Response))
#5 {main}


2016-02-13 21:26:24 Error: [Cake\View\Exception\MissingTemplateException] Template file "Users\login.ctp" is missing.
Exception Attributes: array (
  'file' => 'Users\\login.ctp',
)
Request URL: /dargest/users/login
Stack Trace:
#0 D:\git\dargest\vendor\cakephp\cakephp\src\View\View.php(584): Cake\View\View->_getViewFileName(NULL)
#1 D:\git\dargest\vendor\cakephp\cakephp\src\Controller\Controller.php(611): Cake\View\View->render(NULL, NULL)
#2 D:\git\dargest\vendor\cakephp\cakephp\src\Routing\Dispatcher.php(120): Cake\Controller\Controller->render()
#3 D:\git\dargest\vendor\cakephp\cakephp\src\Routing\Dispatcher.php(87): Cake\Routing\Dispatcher->_invoke(Object(App\Controller\UsersController))
#4 D:\git\dargest\webroot\index.php(37): Cake\Routing\Dispatcher->dispatch(Object(Cake\Network\Request), Object(Cake\Network\Response))
#5 {main}


2016-02-13 21:27:53 Error: [Cake\View\Exception\MissingTemplateException] Template file "Users\login.ctp" is missing.
Exception Attributes: array (
  'file' => 'Users\\login.ctp',
)
Request URL: /dargest/users/login
Stack Trace:
#0 D:\git\dargest\vendor\cakephp\cakephp\src\View\View.php(584): Cake\View\View->_getViewFileName(NULL)
#1 D:\git\dargest\vendor\cakephp\cakephp\src\Controller\Controller.php(611): Cake\View\View->render(NULL, NULL)
#2 D:\git\dargest\vendor\cakephp\cakephp\src\Routing\Dispatcher.php(120): Cake\Controller\Controller->render()
#3 D:\git\dargest\vendor\cakephp\cakephp\src\Routing\Dispatcher.php(87): Cake\Routing\Dispatcher->_invoke(Object(App\Controller\UsersController))
#4 D:\git\dargest\webroot\index.php(37): Cake\Routing\Dispatcher->dispatch(Object(Cake\Network\Request), Object(Cake\Network\Response))
#5 {main}


2016-02-13 21:28:06 Error: [Cake\View\Exception\MissingTemplateException] Template file "Users\index.ctp" is missing.
Exception Attributes: array (
  'file' => 'Users\\index.ctp',
)
Request URL: /dargest/users/
Stack Trace:
#0 D:\git\dargest\vendor\cakephp\cakephp\src\View\View.php(584): Cake\View\View->_getViewFileName(NULL)
#1 D:\git\dargest\vendor\cakephp\cakephp\src\Controller\Controller.php(611): Cake\View\View->render(NULL, NULL)
#2 D:\git\dargest\vendor\cakephp\cakephp\src\Routing\Dispatcher.php(120): Cake\Controller\Controller->render()
#3 D:\git\dargest\vendor\cakephp\cakephp\src\Routing\Dispatcher.php(87): Cake\Routing\Dispatcher->_invoke(Object(App\Controller\UsersController))
#4 D:\git\dargest\webroot\index.php(37): Cake\Routing\Dispatcher->dispatch(Object(Cake\Network\Request), Object(Cake\Network\Response))
#5 {main}


2016-02-13 21:28:36 Error: [Cake\View\Exception\MissingTemplateException] Template file "Users\index.ctp" is missing.
Exception Attributes: array (
  'file' => 'Users\\index.ctp',
)
Request URL: /dargest/users/
Stack Trace:
#0 D:\git\dargest\vendor\cakephp\cakephp\src\View\View.php(584): Cake\View\View->_getViewFileName(NULL)
#1 D:\git\dargest\vendor\cakephp\cakephp\src\Controller\Controller.php(611): Cake\View\View->render(NULL, NULL)
#2 D:\git\dargest\vendor\cakephp\cakephp\src\Routing\Dispatcher.php(120): Cake\Controller\Controller->render()
#3 D:\git\dargest\vendor\cakephp\cakephp\src\Routing\Dispatcher.php(87): Cake\Routing\Dispatcher->_invoke(Object(App\Controller\UsersController))
#4 D:\git\dargest\webroot\index.php(37): Cake\Routing\Dispatcher->dispatch(Object(Cake\Network\Request), Object(Cake\Network\Response))
#5 {main}


2016-02-13 21:28:56 Error: [Cake\View\Exception\MissingTemplateException] Template file "Users\index.ctp" is missing.
Exception Attributes: array (
  'file' => 'Users\\index.ctp',
)
Request URL: /dargest/users/
Stack Trace:
#0 D:\git\dargest\vendor\cakephp\cakephp\src\View\View.php(584): Cake\View\View->_getViewFileName(NULL)
#1 D:\git\dargest\vendor\cakephp\cakephp\src\Controller\Controller.php(611): Cake\View\View->render(NULL, NULL)
#2 D:\git\dargest\vendor\cakephp\cakephp\src\Routing\Dispatcher.php(120): Cake\Controller\Controller->render()
#3 D:\git\dargest\vendor\cakephp\cakephp\src\Routing\Dispatcher.php(87): Cake\Routing\Dispatcher->_invoke(Object(App\Controller\UsersController))
#4 D:\git\dargest\webroot\index.php(37): Cake\Routing\Dispatcher->dispatch(Object(Cake\Network\Request), Object(Cake\Network\Response))
#5 {main}


2016-02-13 21:37:15 Error: [Cake\View\Exception\MissingTemplateException] Template file "Users\index.ctp" is missing.
Exception Attributes: array (
  'file' => 'Users\\index.ctp',
)
Request URL: /dargest/users/
Stack Trace:
#0 D:\git\dargest\vendor\cakephp\cakephp\src\View\View.php(584): Cake\View\View->_getViewFileName(NULL)
#1 D:\git\dargest\vendor\cakephp\cakephp\src\Controller\Controller.php(611): Cake\View\View->render(NULL, NULL)
#2 D:\git\dargest\vendor\cakephp\cakephp\src\Routing\Dispatcher.php(120): Cake\Controller\Controller->render()
#3 D:\git\dargest\vendor\cakephp\cakephp\src\Routing\Dispatcher.php(87): Cake\Routing\Dispatcher->_invoke(Object(App\Controller\UsersController))
#4 D:\git\dargest\webroot\index.php(37): Cake\Routing\Dispatcher->dispatch(Object(Cake\Network\Request), Object(Cake\Network\Response))
#5 {main}


2016-02-13 21:38:31 Error: [Cake\View\Exception\MissingTemplateException] Template file "Users\index.ctp" is missing.
Exception Attributes: array (
  'file' => 'Users\\index.ctp',
)
Request URL: /dargest/users/
Stack Trace:
#0 D:\git\dargest\vendor\cakephp\cakephp\src\View\View.php(584): Cake\View\View->_getViewFileName(NULL)
#1 D:\git\dargest\vendor\cakephp\cakephp\src\Controller\Controller.php(611): Cake\View\View->render(NULL, NULL)
#2 D:\git\dargest\vendor\cakephp\cakephp\src\Routing\Dispatcher.php(120): Cake\Controller\Controller->render()
#3 D:\git\dargest\vendor\cakephp\cakephp\src\Routing\Dispatcher.php(87): Cake\Routing\Dispatcher->_invoke(Object(App\Controller\UsersController))
#4 D:\git\dargest\webroot\index.php(37): Cake\Routing\Dispatcher->dispatch(Object(Cake\Network\Request), Object(Cake\Network\Response))
#5 {main}


2016-02-13 21:38:32 Error: [Cake\View\Exception\MissingTemplateException] Template file "Users\index.ctp" is missing.
Exception Attributes: array (
  'file' => 'Users\\index.ctp',
)
Request URL: /dargest/users/
Stack Trace:
#0 D:\git\dargest\vendor\cakephp\cakephp\src\View\View.php(584): Cake\View\View->_getViewFileName(NULL)
#1 D:\git\dargest\vendor\cakephp\cakephp\src\Controller\Controller.php(611): Cake\View\View->render(NULL, NULL)
#2 D:\git\dargest\vendor\cakephp\cakephp\src\Routing\Dispatcher.php(120): Cake\Controller\Controller->render()
#3 D:\git\dargest\vendor\cakephp\cakephp\src\Routing\Dispatcher.php(87): Cake\Routing\Dispatcher->_invoke(Object(App\Controller\UsersController))
#4 D:\git\dargest\webroot\index.php(37): Cake\Routing\Dispatcher->dispatch(Object(Cake\Network\Request), Object(Cake\Network\Response))
#5 {main}


2016-02-13 22:03:16 Error: [Cake\View\Exception\MissingTemplateException] Template file "Users\ajouter.ctp" is missing.
Exception Attributes: array (
  'file' => 'Users\\ajouter.ctp',
)
Request URL: /dargest/users/ajouter
Stack Trace:
#0 D:\git\dargest\vendor\cakephp\cakephp\src\View\View.php(584): Cake\View\View->_getViewFileName(NULL)
#1 D:\git\dargest\vendor\cakephp\cakephp\src\Controller\Controller.php(611): Cake\View\View->render(NULL, NULL)
#2 D:\git\dargest\vendor\cakephp\cakephp\src\Routing\Dispatcher.php(120): Cake\Controller\Controller->render()
#3 D:\git\dargest\vendor\cakephp\cakephp\src\Routing\Dispatcher.php(87): Cake\Routing\Dispatcher->_invoke(Object(App\Controller\UsersController))
#4 D:\git\dargest\webroot\index.php(37): Cake\Routing\Dispatcher->dispatch(Object(Cake\Network\Request), Object(Cake\Network\Response))
#5 {main}


2016-02-13 22:10:15 Error: [Cake\View\Exception\MissingLayoutException] Layout file "Layout\default.ctp.ctp" is missing.
Exception Attributes: array (
  'file' => 'Layout\\default.ctp.ctp',
)
Request URL: /dargest/users/ajouter
Referer URL: http://127.0.0.1/dargest/users/ajouter
Stack Trace:
#0 D:\git\dargest\vendor\cakephp\cakephp\src\View\View.php(615): Cake\View\View->_getLayoutFileName('default.ctp')
#1 D:\git\dargest\vendor\cakephp\cakephp\src\View\View.php(592): Cake\View\View->renderLayout('', 'default.ctp')
#2 D:\git\dargest\vendor\cakephp\cakephp\src\Controller\Controller.php(611): Cake\View\View->render(NULL, NULL)
#3 D:\git\dargest\vendor\cakephp\cakephp\src\Routing\Dispatcher.php(120): Cake\Controller\Controller->render()
#4 D:\git\dargest\vendor\cakephp\cakephp\src\Routing\Dispatcher.php(87): Cake\Routing\Dispatcher->_invoke(Object(App\Controller\UsersController))
#5 D:\git\dargest\webroot\index.php(37): Cake\Routing\Dispatcher->dispatch(Object(Cake\Network\Request), Object(Cake\Network\Response))
#6 {main}


2016-02-13 23:34:58 Error: Fatal Error (1): Class 'App\Controller\Debugger' not found in [D:\git\dargest\src\Controller\UsersController.php, line 16]
Trace:
Cake\Error\BaseErrorHandler::handleFatalError() - CORE\src\Error\BaseErrorHandler.php, line 216
Cake\Error\BaseErrorHandler::Cake\Error\{closure}() - CORE\src\Error\BaseErrorHandler.php, line 99
[main] - [internal], line ??



2016-02-13 23:34:58 Error: [Cake\Error\FatalErrorException] Class 'App\Controller\Debugger' not found
Request URL: /dargest/users/ajouter
Referer URL: http://127.0.0.1/dargest/users/ajouter
Stack Trace:
#0 D:\git\dargest\vendor\cakephp\cakephp\src\Error\BaseErrorHandler.php(99): Cake\Error\BaseErrorHandler->handleFatalError(1, 'Class 'App\\Cont...', 'D:\\git\\dargest\\...', 16)
#1 [internal function]: Cake\Error\BaseErrorHandler->Cake\Error\{closure}()
#2 {main}


2016-02-13 23:44:11 Error: [Cake\View\Exception\MissingLayoutException] Layout file "Layout\login.ctp" is missing.
Exception Attributes: array (
  'file' => 'Layout\\login.ctp',
)
Request URL: /dargest/users/login
Stack Trace:
#0 D:\git\dargest\vendor\cakephp\cakephp\src\View\View.php(615): Cake\View\View->_getLayoutFileName('login')
#1 D:\git\dargest\vendor\cakephp\cakephp\src\View\View.php(592): Cake\View\View->renderLayout('', 'login')
#2 D:\git\dargest\vendor\cakephp\cakephp\src\Controller\Controller.php(611): Cake\View\View->render(NULL, NULL)
#3 D:\git\dargest\vendor\cakephp\cakephp\src\Routing\Dispatcher.php(120): Cake\Controller\Controller->render()
#4 D:\git\dargest\vendor\cakephp\cakephp\src\Routing\Dispatcher.php(87): Cake\Routing\Dispatcher->_invoke(Object(App\Controller\UsersController))
#5 D:\git\dargest\webroot\index.php(37): Cake\Routing\Dispatcher->dispatch(Object(Cake\Network\Request), Object(Cake\Network\Response))
#6 {main}


2016-02-13 23:50:53 Error: Fatal Error (4): syntax error, unexpected '<' in [D:\git\dargest\src\Template\Users\login.ctp, line 28]
Trace:
Cake\Error\BaseErrorHandler::handleFatalError() - CORE\src\Error\BaseErrorHandler.php, line 216
Cake\Error\BaseErrorHandler::Cake\Error\{closure}() - CORE\src\Error\BaseErrorHandler.php, line 99
[main] - [internal], line ??



2016-02-13 23:50:54 Error: [Cake\Error\FatalErrorException] syntax error, unexpected '<'
Request URL: /dargest/users/login
Referer URL: http://127.0.0.1/dargest/users/login
Stack Trace:
#0 D:\git\dargest\vendor\cakephp\cakephp\src\Error\BaseErrorHandler.php(99): Cake\Error\BaseErrorHandler->handleFatalError(4, 'syntax error, u...', 'D:\\git\\dargest\\...', 28)
#1 [internal function]: Cake\Error\BaseErrorHandler->Cake\Error\{closure}()
#2 {main}


2016-02-13 23:51:34 Error: Fatal Error (1): Call to a member function identify() on boolean in [D:\git\dargest\src\Controller\UsersController.php, line 13]
Trace:
Cake\Error\BaseErrorHandler::handleFatalError() - CORE\src\Error\BaseErrorHandler.php, line 216
Cake\Error\BaseErrorHandler::Cake\Error\{closure}() - CORE\src\Error\BaseErrorHandler.php, line 99
[main] - [internal], line ??



2016-02-13 23:51:34 Error: [Cake\Error\FatalErrorException] Call to a member function identify() on boolean
Request URL: /dargest/users/login
Referer URL: http://127.0.0.1/dargest/users/login
Stack Trace:
#0 D:\git\dargest\vendor\cakephp\cakephp\src\Error\BaseErrorHandler.php(99): Cake\Error\BaseErrorHandler->handleFatalError(1, 'Call to a membe...', 'D:\\git\\dargest\\...', 13)
#1 [internal function]: Cake\Error\BaseErrorHandler->Cake\Error\{closure}()
#2 {main}


2016-02-13 23:55:02 Warning: Warning (4096): Argument 1 passed to App\Controller\UsersController::beforeFilter() must be an instance of App\Controller\Event, instance of Cake\Event\Event given, called in D:\git\dargest\vendor\cakephp\cakephp\src\Event\EventManager.php on line 385 and defined in [D:\git\dargest\src\Controller\UsersController.php, line 8]
Trace:
Cake\Error\BaseErrorHandler::handleError() - CORE\src\Error\BaseErrorHandler.php, line 147
App\Controller\UsersController::beforeFilter() - APP/Controller\UsersController.php, line 8
Cake\Event\EventManager::_callListener() - CORE\src\Event\EventManager.php, line 385
Cake\Event\EventManager::dispatch() - CORE\src\Event\EventManager.php, line 355
Cake\Controller\Controller::dispatchEvent() - CORE\src\Event\EventDispatcherTrait.php, line 78
Cake\Controller\Controller::startupProcess() - CORE\src\Controller\Controller.php, line 491
Cake\Routing\Dispatcher::_invoke() - CORE\src\Routing\Dispatcher.php, line 109
Cake\Routing\Dispatcher::dispatch() - CORE\src\Routing\Dispatcher.php, line 87
[main] - ROOT\webroot\index.php, line 37



2016-02-13 23:55:02 Error: Fatal Error (1): Call to a member function allow() on boolean in [D:\git\dargest\src\Controller\UsersController.php, line 11]
Trace:
Cake\Error\BaseErrorHandler::handleFatalError() - CORE\src\Error\BaseErrorHandler.php, line 216
Cake\Error\BaseErrorHandler::Cake\Error\{closure}() - CORE\src\Error\BaseErrorHandler.php, line 99
[main] - [internal], line ??



2016-02-13 23:55:03 Error: [Cake\Error\FatalErrorException] Call to a member function allow() on boolean
Request URL: /dargest/users/login
Referer URL: http://127.0.0.1/dargest/users/login
Stack Trace:
#0 D:\git\dargest\vendor\cakephp\cakephp\src\Error\BaseErrorHandler.php(99): Cake\Error\BaseErrorHandler->handleFatalError(1, 'Call to a membe...', 'D:\\git\\dargest\\...', 11)
#1 [internal function]: Cake\Error\BaseErrorHandler->Cake\Error\{closure}()
#2 {main}


2016-02-13 23:55:35 Warning: Warning (4096): Argument 1 passed to App\Controller\UsersController::beforeFilter() must be an instance of App\Controller\Event, instance of Cake\Event\Event given, called in D:\git\dargest\vendor\cakephp\cakephp\src\Event\EventManager.php on line 385 and defined in [D:\git\dargest\src\Controller\UsersController.php, line 9]
Trace:
Cake\Error\BaseErrorHandler::handleError() - CORE\src\Error\BaseErrorHandler.php, line 147
App\Controller\UsersController::beforeFilter() - APP/Controller\UsersController.php, line 9
Cake\Event\EventManager::_callListener() - CORE\src\Event\EventManager.php, line 385
Cake\Event\EventManager::dispatch() - CORE\src\Event\EventManager.php, line 355
Cake\Controller\Controller::dispatchEvent() - CORE\src\Event\EventDispatcherTrait.php, line 78
Cake\Controller\Controller::startupProcess() - CORE\src\Controller\Controller.php, line 491
Cake\Routing\Dispatcher::_invoke() - CORE\src\Routing\Dispatcher.php, line 109
Cake\Routing\Dispatcher::dispatch() - CORE\src\Routing\Dispatcher.php, line 87
[main] - ROOT\webroot\index.php, line 37



2016-02-13 23:55:35 Error: Fatal Error (1): Call to a member function allow() on boolean in [D:\git\dargest\src\Controller\UsersController.php, line 13]
Trace:
Cake\Error\BaseErrorHandler::handleFatalError() - CORE\src\Error\BaseErrorHandler.php, line 216
Cake\Error\BaseErrorHandler::Cake\Error\{closure}() - CORE\src\Error\BaseErrorHandler.php, line 99
[main] - [internal], line ??



2016-02-13 23:55:35 Error: [Cake\Error\FatalErrorException] Call to a member function allow() on boolean
Request URL: /dargest/users/login
Referer URL: http://127.0.0.1/dargest/users/login
Stack Trace:
#0 D:\git\dargest\vendor\cakephp\cakephp\src\Error\BaseErrorHandler.php(99): Cake\Error\BaseErrorHandler->handleFatalError(1, 'Call to a membe...', 'D:\\git\\dargest\\...', 13)
#1 [internal function]: Cake\Error\BaseErrorHandler->Cake\Error\{closure}()
#2 {main}


2016-02-13 23:55:37 Warning: Warning (4096): Argument 1 passed to App\Controller\UsersController::beforeFilter() must be an instance of App\Controller\Event, instance of Cake\Event\Event given, called in D:\git\dargest\vendor\cakephp\cakephp\src\Event\EventManager.php on line 385 and defined in [D:\git\dargest\src\Controller\UsersController.php, line 9]
Trace:
Cake\Error\BaseErrorHandler::handleError() - CORE\src\Error\BaseErrorHandler.php, line 147
App\Controller\UsersController::beforeFilter() - APP/Controller\UsersController.php, line 9
Cake\Event\EventManager::_callListener() - CORE\src\Event\EventManager.php, line 385
Cake\Event\EventManager::dispatch() - CORE\src\Event\EventManager.php, line 355
Cake\Controller\Controller::dispatchEvent() - CORE\src\Event\EventDispatcherTrait.php, line 78
Cake\Controller\Controller::startupProcess() - CORE\src\Controller\Controller.php, line 491
Cake\Routing\Dispatcher::_invoke() - CORE\src\Routing\Dispatcher.php, line 109
Cake\Routing\Dispatcher::dispatch() - CORE\src\Routing\Dispatcher.php, line 87
[main] - ROOT\webroot\index.php, line 37



2016-02-13 23:55:37 Error: Fatal Error (1): Call to a member function allow() on boolean in [D:\git\dargest\src\Controller\UsersController.php, line 13]
Trace:
Cake\Error\BaseErrorHandler::handleFatalError() - CORE\src\Error\BaseErrorHandler.php, line 216
Cake\Error\BaseErrorHandler::Cake\Error\{closure}() - CORE\src\Error\BaseErrorHandler.php, line 99
[main] - [internal], line ??



2016-02-13 23:55:37 Error: [Cake\Error\FatalErrorException] Call to a member function allow() on boolean
Request URL: /dargest/users/login
Stack Trace:
#0 D:\git\dargest\vendor\cakephp\cakephp\src\Error\BaseErrorHandler.php(99): Cake\Error\BaseErrorHandler->handleFatalError(1, 'Call to a membe...', 'D:\\git\\dargest\\...', 13)
#1 [internal function]: Cake\Error\BaseErrorHandler->Cake\Error\{closure}()
#2 {main}


2016-02-13 23:56:27 Error: Fatal Error (1): Call to a member function allow() on boolean in [D:\git\dargest\src\Controller\UsersController.php, line 13]
Trace:
Cake\Error\BaseErrorHandler::handleFatalError() - CORE\src\Error\BaseErrorHandler.php, line 216
Cake\Error\BaseErrorHandler::Cake\Error\{closure}() - CORE\src\Error\BaseErrorHandler.php, line 99
[main] - [internal], line ??



2016-02-13 23:56:27 Error: [Cake\Error\FatalErrorException] Call to a member function allow() on boolean
Request URL: /dargest/users/login
Stack Trace:
#0 D:\git\dargest\vendor\cakephp\cakephp\src\Error\BaseErrorHandler.php(99): Cake\Error\BaseErrorHandler->handleFatalError(1, 'Call to a membe...', 'D:\\git\\dargest\\...', 13)
#1 [internal function]: Cake\Error\BaseErrorHandler->Cake\Error\{closure}()
#2 {main}


2016-02-20 15:34:32 Error: [Cake\View\Exception\MissingTemplateException] Template file "Users\ajouter.ctp" is missing.
Exception Attributes: array (
  'file' => 'Users\\ajouter.ctp',
)
Request URL: /dargest/users/ajouter
Stack Trace:
#0 D:\git\dargest\vendor\cakephp\cakephp\src\View\View.php(584): Cake\View\View->_getViewFileName(NULL)
#1 D:\git\dargest\vendor\cakephp\cakephp\src\Controller\Controller.php(611): Cake\View\View->render(NULL, NULL)
#2 D:\git\dargest\vendor\cakephp\cakephp\src\Routing\Dispatcher.php(120): Cake\Controller\Controller->render()
#3 D:\git\dargest\vendor\cakephp\cakephp\src\Routing\Dispatcher.php(87): Cake\Routing\Dispatcher->_invoke(Object(App\Controller\UsersController))
#4 D:\git\dargest\webroot\index.php(37): Cake\Routing\Dispatcher->dispatch(Object(Cake\Network\Request), Object(Cake\Network\Response))
#5 {main}


